2024-06-19T13:07:27.788Z [store-api] error: undefined undefined undefined
2024-06-19T13:25:39.210Z [store-api] error: POST  - Name, CPF, Phone, Email e Address são obrigatórios.
2024-06-20T13:32:28.251Z [store-api] error: POST  - connect is not a function
2024-06-24T22:12:57.208Z [store-api] error: POST  - connect is not a function
2024-06-24T22:17:01.807Z [store-api] info: POST /client - {"name":"Cleisson","cpf":"111111111111","phone":"99999999999","email":"cleisson66@hotmail.com","address":"Rua x, n 1"}
2024-06-24T22:21:54.655Z [store-api] info: POST /client - {"name":"Cleisson","cpf":"111111111111","phone":"99999999999","email":"cleisson66@hotmail.com","address":"Rua x, n 1"}
2024-06-24T22:44:33.659Z [store-api] info: POST /client - {"name":"Cleisson","cpf":"111111111111","phone":"99999999999","email":"cleisson66@hotmail.com","address":"Rua x, n 1"}
2024-06-24T23:00:44.393Z [store-api] info: GET /client
2024-06-24T23:01:17.848Z [store-api] info: GET /client
2024-06-24T23:01:25.072Z [store-api] info: GET /client
2024-06-24T23:03:23.090Z [store-api] info: GET /client
2024-06-24T23:03:52.562Z [store-api] info: GET /client
2024-06-24T23:04:23.926Z [store-api] info: GET /client
2024-06-24T23:04:41.311Z [store-api] info: GET /client
2024-06-25T12:20:34.740Z [store-api] info: GET /client
2024-06-25T12:40:14.773Z [store-api] error: GET  - rq is not defined
2024-06-25T12:40:47.215Z [store-api] error: GET  - syntax error at or near ","
2024-06-25T12:42:12.336Z [store-api] error: GET  - syntax error at or near ","
2024-06-25T12:44:18.667Z [store-api] info: GET /client
2024-06-25T12:44:33.422Z [store-api] info: GET /client
2024-06-25T12:44:40.352Z [store-api] info: GET /client
2024-06-25T13:06:34.922Z [store-api] error: DELETE  - syntax error at or near "*"
2024-06-25T13:06:55.041Z [store-api] info: DELETE /client
2024-06-25T13:07:06.569Z [store-api] info: GET /client
2024-06-25T13:43:00.330Z [store-api] error: PUT  - syntax error at or near ")"
2024-06-25T13:44:53.816Z [store-api] error: PUT  - connect ETIMEDOUT 52.23.141.75:5432
2024-06-25T13:44:55.597Z [store-api] error: PUT  - syntax error at or near ")"
2024-06-25T13:44:58.108Z [store-api] error: PUT  - syntax error at or near ")"
2024-06-26T12:26:51.971Z [store-api] error: PUT  - syntax error at or near ")"
2024-06-26T12:27:19.157Z [store-api] error: PUT  - syntax error at or near ")"
2024-06-26T12:27:27.312Z [store-api] error: PUT  - syntax error at or near ")"
2024-06-26T12:28:02.660Z [store-api] error: PUT  - syntax error at or near ")"
2024-06-26T12:34:51.598Z [store-api] error: PUT  - syntax error at or near "="
2024-06-26T12:35:22.793Z [store-api] error: PUT  - syntax error at or near "="
2024-06-26T12:36:29.160Z [store-api] info: PUT /client - {"client_id":1,"name":"Cleisson","cpf":"211111111111","phone":"99999999999","email":"cleisson66@gmail.com","address":"Rua x, n 1"}
2024-06-26T12:36:44.139Z [store-api] info: GET /client
2024-06-26T13:21:16.593Z [store-api] error: POST  - Name, CNPJ, Phone, Email e Address são obrigatórios.
2024-06-26T13:22:02.405Z [store-api] error: POST  - loggers is not defined
2024-06-26T13:22:32.702Z [store-api] info: POST /supplier - {"supplier_id":2,"name":"Fornecedor 1","cnpj":"111111111111","phone":"99999999999","email":"fornecedor@gmail.com","address":"Rua x, n 1"}
2024-07-02T12:56:20.335Z [store-api] info: GET /supplier
2024-07-02T13:08:33.287Z [store-api] info: GET /supplier/:id
2024-07-04T13:03:21.776Z [store-api] error: PUT  - invalid input syntax for type integer: "Rua x, n 1"
2024-07-04T13:03:34.467Z [store-api] error: PUT  - invalid input syntax for type integer: "Rua x n 1"
2024-07-04T13:04:03.471Z [store-api] info: PUT /client - {"client_id":1,"name":"Cleisson","cpf":"211111111111","phone":"99999999999","email":"cleisson66@gmail.com","address":"Rua x, n 1"}
2024-07-04T13:04:40.195Z [store-api] error: PUT  - invalid input syntax for type integer: "Rua x, n 1"
2024-07-04T13:06:09.848Z [store-api] error: PUT  - invalid input syntax for type integer: "Rua x, n 1"
2024-07-04T13:06:25.961Z [store-api] error: PUT  - invalid input syntax for type integer: "Rua Dona Carlota"
2024-07-04T13:06:47.674Z [store-api] error: PUT  - invalid input syntax for type integer: "Rua x, n 1"
2024-07-04T13:07:57.066Z [store-api] error: PUT  - invalid input syntax for type integer: "Rua x, n 1"
2024-07-04T13:08:22.020Z [store-api] error: PUT  - Supplier_id, Name, CNPJ, Phone, Email e Address são obrigatórios
2024-07-04T13:08:29.867Z [store-api] error: PUT  - invalid input syntax for type integer: "Rua x, n 1"
2024-07-04T13:08:47.123Z [store-api] error: PUT  - invalid input syntax for type integer: "Rua x, n 1"
2024-07-04T13:10:24.655Z [store-api] info: PUT /supplier - {"supplier_id":1,"name":"1","cnpj":"Fornecedor 7","phone":"211111111111","email":"99999999999","address":"fornecedor66@gmail.com"}
2024-07-04T13:12:58.316Z [store-api] info: PUT /supplier - {"supplier_id":1,"name":"Fornecedor 7","cnpj":"211111111111","phone":"99999999999","email":"fornecedor66@gmail.com","address":"Rua X, n 1"}
2024-07-04T13:23:48.486Z [store-api] error: DELETE  - Cannot read properties of undefined (reading 'id')
2024-07-04T13:25:01.122Z [store-api] error: DELETE  - conn.release is not a function
2024-07-04T13:26:20.960Z [store-api] error: DELETE  - relation "supliers" does not exist
2024-07-04T13:26:51.142Z [store-api] info: DELETE /supplier
2024-07-04T13:27:58.545Z [store-api] error: DELETE  - id is not defined
2024-07-04T13:28:26.735Z [store-api] info: DELETE /supplier
2024-07-04T13:30:02.273Z [store-api] info: POST /supplier - {"supplier_id":3,"name":"Fornecedor 1","cnpj":"311111111111","phone":"99999999999","email":"fornecedor123@gmail.com","address":"Rua y, n 1"}
2024-07-04T13:30:30.317Z [store-api] info: POST /supplier - {"supplier_id":4,"name":"Fornecedor 2","cnpj":"311111111111","phone":"99999999999","email":"fornecedor123@gmail.com","address":"Rua z, n 1"}
2024-07-04T13:30:43.395Z [store-api] info: GET /supplier
2024-07-04T13:31:00.319Z [store-api] info: GET /supplier/:id
2024-07-04T13:31:18.372Z [store-api] info: DELETE /supplier
2024-07-04T13:31:33.293Z [store-api] info: PUT /supplier - {"supplier_id":1,"name":"Fornecedor 1","cnpj":"211111111111","phone":"99999999999","email":"fornecedor66@gmail.com","address":"Rua X, n 1"}
2024-07-09T22:11:02.944Z [store-api] error: POST  - syntax error at or near "$1"
2024-07-09T22:11:55.914Z [store-api] error: POST  - Assignment to constant variable.
2024-07-09T22:14:45.184Z [store-api] info: GET /supplier
2024-07-09T22:15:00.026Z [store-api] error: POST  - Assignment to constant variable.
2024-07-09T22:17:32.979Z [store-api] error: POST  - loggers is not defined
2024-07-09T22:18:56.716Z [store-api] info: POST /product - {"product_id":4,"supplier_id":1,"name":"Notebook Samsung","description":"Notebook Samsung i3 32gb","value":"5500","stock":80}
2024-07-09T22:19:46.451Z [store-api] error: GET  - relation "produtcs" does not exist
2024-07-09T22:20:00.216Z [store-api] error: GET  - relation "produtcs" does not exist
2024-07-09T22:20:46.917Z [store-api] error: GET  - loggers is not defined
2024-07-09T22:21:34.748Z [store-api] info: GET /product
2024-07-09T22:21:44.741Z [store-api] info: GET /product/:id
2024-07-09T22:21:49.890Z [store-api] info: GET /product/:id
2024-07-09T22:22:02.476Z [store-api] error: DELETE  - syntax error at or near "*"
2024-07-09T22:22:17.505Z [store-api] error: DELETE  - syntax error at or near "*"
2024-07-09T22:23:01.108Z [store-api] info: DELETE /product
2024-07-09T22:23:08.042Z [store-api] info: DELETE /product
2024-07-09T22:23:36.226Z [store-api] error: PUT  - Product_id, Name, Description, Value, Stock e Supplier_id são obrigatórios.
2024-07-09T22:24:24.908Z [store-api] error: PUT  - Assignment to constant variable.
2024-07-09T22:25:00.363Z [store-api] error: PUT  - JSON.Stringfy is not a function
2024-07-09T22:28:03.768Z [store-api] error: PUT  - JSON.Stringfy is not a function
2024-07-09T22:29:21.891Z [store-api] error: PUT  - JSON.Stringfy is not a function
2024-07-09T22:31:43.093Z [store-api] error: PUT  - JSON.Stringfy is not a function
2024-07-09T22:35:47.662Z [store-api] error: PUT  - JSON.Stringfy is not a function
2024-07-09T22:38:19.626Z [store-api] error: PUT  - JSON.Stringfy is not a function
2024-07-15T22:04:14.196Z [store-api] error: POST  - insert or update on table "products" violates foreign key constraint "fk_suppliers"
2024-07-15T22:17:52.151Z [store-api] error: POST  - O supplier_id informado não existe.
2024-07-15T22:18:01.904Z [store-api] error: PUT  - O supplier_id informado não existe.
2024-07-16T23:05:07.289Z [store-api] error: POST  - Value, date, client_id e product_id são obrigatórios!
2024-07-16T23:14:23.316Z [store-api] error: POST  - date/time field value out of range: "16/07/2024"
2024-07-16T23:15:13.933Z [store-api] error: POST  - date/time field value out of range: "16072024"
2024-07-16T23:16:39.167Z [store-api] error: POST  - date/time field value out of range: "16/07/2024"
2024-07-16T23:17:43.697Z [store-api] error: POST  - JSON.stringfy is not a function
2024-07-16T23:18:28.809Z [store-api] info: POST /sale - {"sale_id":2,"client_id":1,"product_id":1,"value":"5500","date":"2000-01-01T02:00:00.000Z"}
2024-07-16T23:31:32.137Z [store-api] info: GET /sale
2024-07-22T22:22:45.641Z [store-api] info: GET /sale/:id
2024-07-22T22:23:58.484Z [store-api] error: GET  - id is not defined
2024-07-22T22:24:30.337Z [store-api] info: GET /sale/1
2024-07-22T22:44:43.129Z [store-api] error: PUT  - Sale_id, Value, date, client_id e product_id são obrigatórios!
2024-07-22T22:45:20.030Z [store-api] error: PUT  - bind message supplies 4 parameters, but prepared statement "" requires 5
2024-07-22T22:48:26.531Z [store-api] info: PUT /sale - undefined
2024-07-22T22:48:46.677Z [store-api] info: GET /sale
2024-07-22T22:49:02.440Z [store-api] info: PUT /sale - undefined
2024-07-22T22:50:49.143Z [store-api] info: PUT /sale - undefined
2024-07-22T22:53:33.594Z [store-api] info: GET /sale
2024-07-22T22:54:20.125Z [store-api] info: PUT /sale - undefined
2024-07-22T22:54:45.698Z [store-api] info: GET /sale
2024-07-22T22:55:35.735Z [store-api] info: PUT /sale - undefined
2024-07-22T22:55:52.580Z [store-api] info: PUT /sale - undefined
2024-07-22T22:56:10.976Z [store-api] info: PUT /sale - {"sale_id":1,"client_id":1,"product_id":1,"value":"5000","date":"2000-01-02T02:00:00.000Z"}
2024-07-22T22:56:34.056Z [store-api] info: GET /sale
2024-07-22T23:54:02.488Z [store-api] info: POST /sale - {"sale_id":3,"client_id":1,"product_id":1,"value":"7500","date":"2000-01-01T02:00:00.000Z"}
2024-07-22T23:54:08.749Z [store-api] info: GET /sale
2024-07-22T23:54:24.450Z [store-api] info: GET /sale
2024-07-22T23:54:33.099Z [store-api] info: POST /sale - {"sale_id":4,"client_id":1,"product_id":1,"value":"7500","date":"2000-01-01T02:00:00.000Z"}
2024-07-22T23:54:36.967Z [store-api] info: GET /sale
2024-07-22T23:54:55.311Z [store-api] info: GET /sale
2024-07-22T23:55:56.800Z [store-api] info: GET /sale
2024-07-22T23:56:26.131Z [store-api] info: DELETE /sale - 4
2024-07-22T23:56:33.127Z [store-api] info: DELETE /sale - 3
2024-07-22T23:56:41.362Z [store-api] info: DELETE /sale - 2
2024-07-22T23:56:46.203Z [store-api] info: GET /sale
2024-07-23T22:45:49.714Z [store-api] error: POST  - O client_id informado não existe.O product_id informado não existe.
2024-07-23T22:46:52.787Z [store-api] error: PUT  - O client_id informado não existe.O product_id informado não existe.
2024-07-23T22:47:27.134Z [store-api] info: POST /sale - {"sale_id":5,"client_id":1,"product_id":1,"value":"7500","date":"2000-01-01T02:00:00.000Z"}
2024-07-23T22:47:46.073Z [store-api] info: PUT /sale - {"sale_id":5,"client_id":1,"product_id":1,"value":"5000","date":"2000-01-02T02:00:00.000Z"}
2024-07-23T22:47:51.010Z [store-api] info: GET /sale
2024-07-26T22:46:47.424Z [store-api] info: GET /product
2024-07-26T22:47:41.830Z [store-api] info: POST /sale - {"sale_id":6,"client_id":1,"product_id":4,"value":"7500","date":"2000-01-01T02:00:00.000Z"}
2024-07-26T22:47:52.868Z [store-api] info: GET /product
2024-07-26T22:50:14.319Z [store-api] error: POST  - O produto informado não possui estoque.
2024-07-26T22:50:38.520Z [store-api] error: POST  - O produto informado não possui estoque.
2024-07-26T22:51:20.337Z [store-api] error: POST  - O produto informado não possui estoque.
2024-07-26T22:51:28.447Z [store-api] info: GET /product
2024-07-26T22:51:40.087Z [store-api] info: GET /sale
2024-07-26T22:52:10.389Z [store-api] error: POST  - O produto informado não possui estoque.
2024-07-26T22:53:58.270Z [store-api] error: POST  - O produto informado não possui estoque.
2024-07-26T22:55:46.563Z [store-api] error: POST  - O produto informado não possui estoque.
2024-07-26T22:56:17.305Z [store-api] error: POST  - O produto informado não possui estoque.
2024-07-26T22:56:22.785Z [store-api] error: POST  - O produto informado não possui estoque.
2024-07-26T22:56:26.749Z [store-api] info: GET /product
2024-07-26T22:56:48.186Z [store-api] info: GET /sale
2024-07-26T22:57:03.347Z [store-api] error: POST  - O produto informado não possui estoque.
2024-07-26T22:58:42.670Z [store-api] error: POST  - O produto informado não possui estoque.
2024-07-26T22:59:27.288Z [store-api] error: POST  - O produto informado não possui estoque.
2024-07-30T22:02:17.933Z [store-api] error: POST  - O produto informado não possui estoque.
2024-07-30T22:07:39.206Z [store-api] error: POST  - O supplier_id informado não existe.
2024-07-30T22:08:23.574Z [store-api] info: GET /supplier
2024-07-30T22:08:39.802Z [store-api] info: POST /product - {"product_id":6,"supplier_id":1,"name":"Notebook Dell","description":"Notebook Dell i7 32gb","value":"8500","stock":100}
2024-07-30T22:08:50.795Z [store-api] error: POST  - O produto informado não possui estoque.
2024-07-30T22:08:59.481Z [store-api] info: GET /product
2024-07-30T22:09:42.401Z [store-api] info: POST /sale - {"sale_id":7,"client_id":1,"product_id":6,"value":"7000","date":"2000-01-01T02:00:00.000Z"}
2024-07-30T22:10:00.430Z [store-api] info: GET /sale
2024-07-30T22:10:27.256Z [store-api] info: GET /product
2024-07-30T22:10:56.970Z [store-api] info: DELETE /sale - 7
2024-07-30T22:11:02.765Z [store-api] info: GET /sale
2024-07-30T22:16:07.247Z [store-api] info: POST /product - {"product_id":7,"supplier_id":1,"name":"Notebook Asus","description":"Notebook Asus i3 16gb","value":"3500","stock":1}
2024-07-30T22:16:22.301Z [store-api] info: POST /sale - {"sale_id":8,"client_id":1,"product_id":7,"value":"3500","date":"2000-01-01T02:00:00.000Z"}
2024-07-30T22:16:26.634Z [store-api] error: POST  - O produto informado não possui estoque.
2024-07-30T22:30:13.061Z [store-api] info: GET /product
2024-07-30T22:30:44.040Z [store-api] info: DELETE /sale - 1
2024-07-30T22:30:49.453Z [store-api] info: GET /product
2024-07-30T22:31:41.069Z [store-api] error: DELETE  - O id da sale informado não existe.
2024-07-30T22:42:08.237Z [store-api] info: GET /product
2024-07-30T22:44:12.620Z [store-api] info: GET /sale
2024-07-30T22:45:11.795Z [store-api] error: PUT  - undefinedO product_id informado não existe.
2024-07-30T22:46:04.227Z [store-api] error: PUT  - undefinedO product_id informado não existe.
2024-07-30T22:47:18.331Z [store-api] error: PUT  - undefinedO product_id informado não existe.
2024-07-30T22:48:31.308Z [store-api] error: PUT  - could not determine data type of parameter $4
